<?xml version="1.0" encoding="UTF-8"?>
<testsuite xmlns:xsi="http://www.w3.org/2001/XMLSchema-instance" xsi:noNamespaceSchemaLocation="https://maven.apache.org/surefire/maven-surefire-plugin/xsd/surefire-test-report.xsd" name="com.example.authsamlservice.AuthSamlApplicationTests" time="4.057" tests="1" errors="0" skipped="0" failures="0">
  <properties>
    <property name="java.specification.version" value="15"/>
    <property name="sun.jnu.encoding" value="UTF-8"/>
    <property name="java.class.path" value="/Users/vittoriapacchiano/Desktop/UninAPP_Aule/auth-saml-service/target/test-classes:/Users/vittoriapacchiano/Desktop/UninAPP_Aule/auth-saml-service/target/classes:/Users/vittoriapacchiano/.m2/repository/org/springframework/boot/spring-boot-starter-security/2.5.1/spring-boot-starter-security-2.5.1.jar:/Users/vittoriapacchiano/.m2/repository/org/springframework/boot/spring-boot-starter/2.5.1/spring-boot-starter-2.5.1.jar:/Users/vittoriapacchiano/.m2/repository/org/springframework/boot/spring-boot-starter-logging/2.5.1/spring-boot-starter-logging-2.5.1.jar:/Users/vittoriapacchiano/.m2/repository/ch/qos/logback/logback-classic/1.2.3/logback-classic-1.2.3.jar:/Users/vittoriapacchiano/.m2/repository/ch/qos/logback/logback-core/1.2.3/logback-core-1.2.3.jar:/Users/vittoriapacchiano/.m2/repository/org/apache/logging/log4j/log4j-to-slf4j/2.14.1/log4j-to-slf4j-2.14.1.jar:/Users/vittoriapacchiano/.m2/repository/org/apache/logging/log4j/log4j-api/2.14.1/log4j-api-2.14.1.jar:/Users/vittoriapacchiano/.m2/repository/org/slf4j/jul-to-slf4j/1.7.30/jul-to-slf4j-1.7.30.jar:/Users/vittoriapacchiano/.m2/repository/jakarta/annotation/jakarta.annotation-api/1.3.5/jakarta.annotation-api-1.3.5.jar:/Users/vittoriapacchiano/.m2/repository/org/yaml/snakeyaml/1.28/snakeyaml-1.28.jar:/Users/vittoriapacchiano/.m2/repository/org/springframework/spring-aop/5.3.8/spring-aop-5.3.8.jar:/Users/vittoriapacchiano/.m2/repository/org/springframework/spring-beans/5.3.8/spring-beans-5.3.8.jar:/Users/vittoriapacchiano/.m2/repository/org/springframework/security/spring-security-config/5.5.0/spring-security-config-5.5.0.jar:/Users/vittoriapacchiano/.m2/repository/org/springframework/spring-context/5.3.8/spring-context-5.3.8.jar:/Users/vittoriapacchiano/.m2/repository/org/springframework/security/spring-security-web/5.5.0/spring-security-web-5.5.0.jar:/Users/vittoriapacchiano/.m2/repository/org/springframework/spring-expression/5.3.8/spring-expression-5.3.8.jar:/Users/vittoriapacchiano/.m2/repository/org/springframework/boot/spring-boot-starter-thymeleaf/2.5.1/spring-boot-starter-thymeleaf-2.5.1.jar:/Users/vittoriapacchiano/.m2/repository/org/thymeleaf/thymeleaf-spring5/3.0.12.RELEASE/thymeleaf-spring5-3.0.12.RELEASE.jar:/Users/vittoriapacchiano/.m2/repository/org/thymeleaf/thymeleaf/3.0.12.RELEASE/thymeleaf-3.0.12.RELEASE.jar:/Users/vittoriapacchiano/.m2/repository/org/attoparser/attoparser/2.0.5.RELEASE/attoparser-2.0.5.RELEASE.jar:/Users/vittoriapacchiano/.m2/repository/org/unbescape/unbescape/1.1.6.RELEASE/unbescape-1.1.6.RELEASE.jar:/Users/vittoriapacchiano/.m2/repository/org/thymeleaf/extras/thymeleaf-extras-java8time/3.0.4.RELEASE/thymeleaf-extras-java8time-3.0.4.RELEASE.jar:/Users/vittoriapacchiano/.m2/repository/org/springframework/boot/spring-boot-starter-web/2.5.1/spring-boot-starter-web-2.5.1.jar:/Users/vittoriapacchiano/.m2/repository/org/springframework/boot/spring-boot-starter-json/2.5.1/spring-boot-starter-json-2.5.1.jar:/Users/vittoriapacchiano/.m2/repository/com/fasterxml/jackson/core/jackson-databind/2.12.3/jackson-databind-2.12.3.jar:/Users/vittoriapacchiano/.m2/repository/com/fasterxml/jackson/core/jackson-annotations/2.12.3/jackson-annotations-2.12.3.jar:/Users/vittoriapacchiano/.m2/repository/com/fasterxml/jackson/core/jackson-core/2.12.3/jackson-core-2.12.3.jar:/Users/vittoriapacchiano/.m2/repository/com/fasterxml/jackson/datatype/jackson-datatype-jdk8/2.12.3/jackson-datatype-jdk8-2.12.3.jar:/Users/vittoriapacchiano/.m2/repository/com/fasterxml/jackson/datatype/jackson-datatype-jsr310/2.12.3/jackson-datatype-jsr310-2.12.3.jar:/Users/vittoriapacchiano/.m2/repository/com/fasterxml/jackson/module/jackson-module-parameter-names/2.12.3/jackson-module-parameter-names-2.12.3.jar:/Users/vittoriapacchiano/.m2/repository/org/springframework/boot/spring-boot-starter-tomcat/2.5.1/spring-boot-starter-tomcat-2.5.1.jar:/Users/vittoriapacchiano/.m2/repository/org/apache/tomcat/embed/tomcat-embed-core/9.0.46/tomcat-embed-core-9.0.46.jar:/Users/vittoriapacchiano/.m2/repository/org/apache/tomcat/embed/tomcat-embed-el/9.0.46/tomcat-embed-el-9.0.46.jar:/Users/vittoriapacchiano/.m2/repository/org/apache/tomcat/embed/tomcat-embed-websocket/9.0.46/tomcat-embed-websocket-9.0.46.jar:/Users/vittoriapacchiano/.m2/repository/org/springframework/spring-web/5.3.8/spring-web-5.3.8.jar:/Users/vittoriapacchiano/.m2/repository/org/springframework/spring-webmvc/5.3.8/spring-webmvc-5.3.8.jar:/Users/vittoriapacchiano/.m2/repository/org/thymeleaf/extras/thymeleaf-extras-springsecurity5/3.0.4.RELEASE/thymeleaf-extras-springsecurity5-3.0.4.RELEASE.jar:/Users/vittoriapacchiano/.m2/repository/org/slf4j/slf4j-api/1.7.30/slf4j-api-1.7.30.jar:/Users/vittoriapacchiano/.m2/repository/org/springframework/boot/spring-boot-devtools/2.5.1/spring-boot-devtools-2.5.1.jar:/Users/vittoriapacchiano/.m2/repository/org/springframework/boot/spring-boot/2.5.1/spring-boot-2.5.1.jar:/Users/vittoriapacchiano/.m2/repository/org/springframework/boot/spring-boot-autoconfigure/2.5.1/spring-boot-autoconfigure-2.5.1.jar:/Users/vittoriapacchiano/.m2/repository/org/springframework/boot/spring-boot-starter-test/2.5.1/spring-boot-starter-test-2.5.1.jar:/Users/vittoriapacchiano/.m2/repository/org/springframework/boot/spring-boot-test/2.5.1/spring-boot-test-2.5.1.jar:/Users/vittoriapacchiano/.m2/repository/org/springframework/boot/spring-boot-test-autoconfigure/2.5.1/spring-boot-test-autoconfigure-2.5.1.jar:/Users/vittoriapacchiano/.m2/repository/com/jayway/jsonpath/json-path/2.5.0/json-path-2.5.0.jar:/Users/vittoriapacchiano/.m2/repository/net/minidev/json-smart/2.4.7/json-smart-2.4.7.jar:/Users/vittoriapacchiano/.m2/repository/net/minidev/accessors-smart/2.4.7/accessors-smart-2.4.7.jar:/Users/vittoriapacchiano/.m2/repository/org/ow2/asm/asm/9.1/asm-9.1.jar:/Users/vittoriapacchiano/.m2/repository/jakarta/xml/bind/jakarta.xml.bind-api/2.3.3/jakarta.xml.bind-api-2.3.3.jar:/Users/vittoriapacchiano/.m2/repository/jakarta/activation/jakarta.activation-api/1.2.2/jakarta.activation-api-1.2.2.jar:/Users/vittoriapacchiano/.m2/repository/org/assertj/assertj-core/3.19.0/assertj-core-3.19.0.jar:/Users/vittoriapacchiano/.m2/repository/org/hamcrest/hamcrest/2.2/hamcrest-2.2.jar:/Users/vittoriapacchiano/.m2/repository/org/junit/jupiter/junit-jupiter/5.7.2/junit-jupiter-5.7.2.jar:/Users/vittoriapacchiano/.m2/repository/org/junit/jupiter/junit-jupiter-api/5.7.2/junit-jupiter-api-5.7.2.jar:/Users/vittoriapacchiano/.m2/repository/org/apiguardian/apiguardian-api/1.1.0/apiguardian-api-1.1.0.jar:/Users/vittoriapacchiano/.m2/repository/org/opentest4j/opentest4j/1.2.0/opentest4j-1.2.0.jar:/Users/vittoriapacchiano/.m2/repository/org/junit/platform/junit-platform-commons/1.7.2/junit-platform-commons-1.7.2.jar:/Users/vittoriapacchiano/.m2/repository/org/junit/jupiter/junit-jupiter-params/5.7.2/junit-jupiter-params-5.7.2.jar:/Users/vittoriapacchiano/.m2/repository/org/junit/jupiter/junit-jupiter-engine/5.7.2/junit-jupiter-engine-5.7.2.jar:/Users/vittoriapacchiano/.m2/repository/org/junit/platform/junit-platform-engine/1.7.2/junit-platform-engine-1.7.2.jar:/Users/vittoriapacchiano/.m2/repository/org/mockito/mockito-core/3.9.0/mockito-core-3.9.0.jar:/Users/vittoriapacchiano/.m2/repository/net/bytebuddy/byte-buddy/1.10.22/byte-buddy-1.10.22.jar:/Users/vittoriapacchiano/.m2/repository/net/bytebuddy/byte-buddy-agent/1.10.22/byte-buddy-agent-1.10.22.jar:/Users/vittoriapacchiano/.m2/repository/org/objenesis/objenesis/3.2/objenesis-3.2.jar:/Users/vittoriapacchiano/.m2/repository/org/mockito/mockito-junit-jupiter/3.9.0/mockito-junit-jupiter-3.9.0.jar:/Users/vittoriapacchiano/.m2/repository/org/skyscreamer/jsonassert/1.5.0/jsonassert-1.5.0.jar:/Users/vittoriapacchiano/.m2/repository/com/vaadin/external/google/android-json/0.0.20131108.vaadin1/android-json-0.0.20131108.vaadin1.jar:/Users/vittoriapacchiano/.m2/repository/org/springframework/spring-core/5.3.8/spring-core-5.3.8.jar:/Users/vittoriapacchiano/.m2/repository/org/springframework/spring-jcl/5.3.8/spring-jcl-5.3.8.jar:/Users/vittoriapacchiano/.m2/repository/org/springframework/spring-test/5.3.8/spring-test-5.3.8.jar:/Users/vittoriapacchiano/.m2/repository/org/xmlunit/xmlunit-core/2.8.2/xmlunit-core-2.8.2.jar:/Users/vittoriapacchiano/.m2/repository/org/springframework/security/spring-security-test/5.5.0/spring-security-test-5.5.0.jar:/Users/vittoriapacchiano/.m2/repository/org/springframework/security/spring-security-core/5.5.0/spring-security-core-5.5.0.jar:/Users/vittoriapacchiano/.m2/repository/org/springframework/security/spring-security-crypto/5.5.0/spring-security-crypto-5.5.0.jar:/Users/vittoriapacchiano/.m2/repository/org/springframework/security/extensions/spring-security-saml-dsl/1.0.0.M3/spring-security-saml-dsl-1.0.0.M3.jar:/Users/vittoriapacchiano/.m2/repository/org/springframework/security/extensions/spring-security-saml2-core/1.0.1.RELEASE/spring-security-saml2-core-1.0.1.RELEASE.jar:/Users/vittoriapacchiano/.m2/repository/org/opensaml/opensaml/2.6.1/opensaml-2.6.1.jar:/Users/vittoriapacchiano/.m2/repository/org/opensaml/openws/1.5.1/openws-1.5.1.jar:/Users/vittoriapacchiano/.m2/repository/org/opensaml/xmltooling/1.4.1/xmltooling-1.4.1.jar:/Users/vittoriapacchiano/.m2/repository/org/bouncycastle/bcprov-jdk15/1.46/bcprov-jdk15-1.46.jar:/Users/vittoriapacchiano/.m2/repository/ca/juliusdavies/not-yet-commons-ssl/0.3.9/not-yet-commons-ssl-0.3.9.jar:/Users/vittoriapacchiano/.m2/repository/commons-httpclient/commons-httpclient/3.1/commons-httpclient-3.1.jar:/Users/vittoriapacchiano/.m2/repository/org/apache/santuario/xmlsec/1.5.6/xmlsec-1.5.6.jar:/Users/vittoriapacchiano/.m2/repository/commons-logging/commons-logging/1.1.1/commons-logging-1.1.1.jar:/Users/vittoriapacchiano/.m2/repository/commons-codec/commons-codec/1.15/commons-codec-1.15.jar:/Users/vittoriapacchiano/.m2/repository/commons-collections/commons-collections/3.2.1/commons-collections-3.2.1.jar:/Users/vittoriapacchiano/.m2/repository/commons-lang/commons-lang/2.6/commons-lang-2.6.jar:/Users/vittoriapacchiano/.m2/repository/org/apache/velocity/velocity/1.7/velocity-1.7.jar:/Users/vittoriapacchiano/.m2/repository/org/owasp/esapi/esapi/2.0.1/esapi-2.0.1.jar:/Users/vittoriapacchiano/.m2/repository/joda-time/joda-time/2.2/joda-time-2.2.jar:/Users/vittoriapacchiano/.m2/repository/xerces/xercesImpl/2.10.0/xercesImpl-2.10.0.jar:/Users/vittoriapacchiano/.m2/repository/xalan/serializer/2.7.1/serializer-2.7.1.jar:/Users/vittoriapacchiano/.m2/repository/xml-resolver/xml-resolver/1.2/xml-resolver-1.2.jar:/Users/vittoriapacchiano/.m2/repository/xalan/xalan/2.7.1/xalan-2.7.1.jar:/Users/vittoriapacchiano/.m2/repository/xml-apis/xml-apis/1.4.01/xml-apis-1.4.01.jar:/Users/vittoriapacchiano/.m2/repository/com/google/code/gson/gson/2.8.0/gson-2.8.0.jar:"/>
    <property name="java.vm.vendor" value="Oracle Corporation"/>
    <property name="sun.arch.data.model" value="64"/>
    <property name="java.vendor.url" value="https://java.oracle.com/"/>
    <property name="os.name" value="Mac OS X"/>
    <property name="java.vm.specification.version" value="15"/>
    <property name="sun.java.launcher" value="SUN_STANDARD"/>
    <property name="user.country" value="IT"/>
    <property name="sun.boot.library.path" value="/Library/Java/JavaVirtualMachines/jdk-15.0.1.jdk/Contents/Home/lib"/>
    <property name="sun.java.command" value="/Users/vittoriapacchiano/Desktop/UninAPP_Aule/auth-saml-service/target/surefire/surefirebooter2323562705782644644.jar /Users/vittoriapacchiano/Desktop/UninAPP_Aule/auth-saml-service/target/surefire 2021-06-18T15-52-34_230-jvmRun1 surefire18072872675653728136tmp surefire_05128682875984575417tmp"/>
    <property name="http.nonProxyHosts" value="local|*.local|169.254/16|*.169.254/16"/>
    <property name="jdk.debug" value="release"/>
    <property name="surefire.test.class.path" value="/Users/vittoriapacchiano/Desktop/UninAPP_Aule/auth-saml-service/target/test-classes:/Users/vittoriapacchiano/Desktop/UninAPP_Aule/auth-saml-service/target/classes:/Users/vittoriapacchiano/.m2/repository/org/springframework/boot/spring-boot-starter-security/2.5.1/spring-boot-starter-security-2.5.1.jar:/Users/vittoriapacchiano/.m2/repository/org/springframework/boot/spring-boot-starter/2.5.1/spring-boot-starter-2.5.1.jar:/Users/vittoriapacchiano/.m2/repository/org/springframework/boot/spring-boot-starter-logging/2.5.1/spring-boot-starter-logging-2.5.1.jar:/Users/vittoriapacchiano/.m2/repository/ch/qos/logback/logback-classic/1.2.3/logback-classic-1.2.3.jar:/Users/vittoriapacchiano/.m2/repository/ch/qos/logback/logback-core/1.2.3/logback-core-1.2.3.jar:/Users/vittoriapacchiano/.m2/repository/org/apache/logging/log4j/log4j-to-slf4j/2.14.1/log4j-to-slf4j-2.14.1.jar:/Users/vittoriapacchiano/.m2/repository/org/apache/logging/log4j/log4j-api/2.14.1/log4j-api-2.14.1.jar:/Users/vittoriapacchiano/.m2/repository/org/slf4j/jul-to-slf4j/1.7.30/jul-to-slf4j-1.7.30.jar:/Users/vittoriapacchiano/.m2/repository/jakarta/annotation/jakarta.annotation-api/1.3.5/jakarta.annotation-api-1.3.5.jar:/Users/vittoriapacchiano/.m2/repository/org/yaml/snakeyaml/1.28/snakeyaml-1.28.jar:/Users/vittoriapacchiano/.m2/repository/org/springframework/spring-aop/5.3.8/spring-aop-5.3.8.jar:/Users/vittoriapacchiano/.m2/repository/org/springframework/spring-beans/5.3.8/spring-beans-5.3.8.jar:/Users/vittoriapacchiano/.m2/repository/org/springframework/security/spring-security-config/5.5.0/spring-security-config-5.5.0.jar:/Users/vittoriapacchiano/.m2/repository/org/springframework/spring-context/5.3.8/spring-context-5.3.8.jar:/Users/vittoriapacchiano/.m2/repository/org/springframework/security/spring-security-web/5.5.0/spring-security-web-5.5.0.jar:/Users/vittoriapacchiano/.m2/repository/org/springframework/spring-expression/5.3.8/spring-expression-5.3.8.jar:/Users/vittoriapacchiano/.m2/repository/org/springframework/boot/spring-boot-starter-thymeleaf/2.5.1/spring-boot-starter-thymeleaf-2.5.1.jar:/Users/vittoriapacchiano/.m2/repository/org/thymeleaf/thymeleaf-spring5/3.0.12.RELEASE/thymeleaf-spring5-3.0.12.RELEASE.jar:/Users/vittoriapacchiano/.m2/repository/org/thymeleaf/thymeleaf/3.0.12.RELEASE/thymeleaf-3.0.12.RELEASE.jar:/Users/vittoriapacchiano/.m2/repository/org/attoparser/attoparser/2.0.5.RELEASE/attoparser-2.0.5.RELEASE.jar:/Users/vittoriapacchiano/.m2/repository/org/unbescape/unbescape/1.1.6.RELEASE/unbescape-1.1.6.RELEASE.jar:/Users/vittoriapacchiano/.m2/repository/org/thymeleaf/extras/thymeleaf-extras-java8time/3.0.4.RELEASE/thymeleaf-extras-java8time-3.0.4.RELEASE.jar:/Users/vittoriapacchiano/.m2/repository/org/springframework/boot/spring-boot-starter-web/2.5.1/spring-boot-starter-web-2.5.1.jar:/Users/vittoriapacchiano/.m2/repository/org/springframework/boot/spring-boot-starter-json/2.5.1/spring-boot-starter-json-2.5.1.jar:/Users/vittoriapacchiano/.m2/repository/com/fasterxml/jackson/core/jackson-databind/2.12.3/jackson-databind-2.12.3.jar:/Users/vittoriapacchiano/.m2/repository/com/fasterxml/jackson/core/jackson-annotations/2.12.3/jackson-annotations-2.12.3.jar:/Users/vittoriapacchiano/.m2/repository/com/fasterxml/jackson/core/jackson-core/2.12.3/jackson-core-2.12.3.jar:/Users/vittoriapacchiano/.m2/repository/com/fasterxml/jackson/datatype/jackson-datatype-jdk8/2.12.3/jackson-datatype-jdk8-2.12.3.jar:/Users/vittoriapacchiano/.m2/repository/com/fasterxml/jackson/datatype/jackson-datatype-jsr310/2.12.3/jackson-datatype-jsr310-2.12.3.jar:/Users/vittoriapacchiano/.m2/repository/com/fasterxml/jackson/module/jackson-module-parameter-names/2.12.3/jackson-module-parameter-names-2.12.3.jar:/Users/vittoriapacchiano/.m2/repository/org/springframework/boot/spring-boot-starter-tomcat/2.5.1/spring-boot-starter-tomcat-2.5.1.jar:/Users/vittoriapacchiano/.m2/repository/org/apache/tomcat/embed/tomcat-embed-core/9.0.46/tomcat-embed-core-9.0.46.jar:/Users/vittoriapacchiano/.m2/repository/org/apache/tomcat/embed/tomcat-embed-el/9.0.46/tomcat-embed-el-9.0.46.jar:/Users/vittoriapacchiano/.m2/repository/org/apache/tomcat/embed/tomcat-embed-websocket/9.0.46/tomcat-embed-websocket-9.0.46.jar:/Users/vittoriapacchiano/.m2/repository/org/springframework/spring-web/5.3.8/spring-web-5.3.8.jar:/Users/vittoriapacchiano/.m2/repository/org/springframework/spring-webmvc/5.3.8/spring-webmvc-5.3.8.jar:/Users/vittoriapacchiano/.m2/repository/org/thymeleaf/extras/thymeleaf-extras-springsecurity5/3.0.4.RELEASE/thymeleaf-extras-springsecurity5-3.0.4.RELEASE.jar:/Users/vittoriapacchiano/.m2/repository/org/slf4j/slf4j-api/1.7.30/slf4j-api-1.7.30.jar:/Users/vittoriapacchiano/.m2/repository/org/springframework/boot/spring-boot-devtools/2.5.1/spring-boot-devtools-2.5.1.jar:/Users/vittoriapacchiano/.m2/repository/org/springframework/boot/spring-boot/2.5.1/spring-boot-2.5.1.jar:/Users/vittoriapacchiano/.m2/repository/org/springframework/boot/spring-boot-autoconfigure/2.5.1/spring-boot-autoconfigure-2.5.1.jar:/Users/vittoriapacchiano/.m2/repository/org/springframework/boot/spring-boot-starter-test/2.5.1/spring-boot-starter-test-2.5.1.jar:/Users/vittoriapacchiano/.m2/repository/org/springframework/boot/spring-boot-test/2.5.1/spring-boot-test-2.5.1.jar:/Users/vittoriapacchiano/.m2/repository/org/springframework/boot/spring-boot-test-autoconfigure/2.5.1/spring-boot-test-autoconfigure-2.5.1.jar:/Users/vittoriapacchiano/.m2/repository/com/jayway/jsonpath/json-path/2.5.0/json-path-2.5.0.jar:/Users/vittoriapacchiano/.m2/repository/net/minidev/json-smart/2.4.7/json-smart-2.4.7.jar:/Users/vittoriapacchiano/.m2/repository/net/minidev/accessors-smart/2.4.7/accessors-smart-2.4.7.jar:/Users/vittoriapacchiano/.m2/repository/org/ow2/asm/asm/9.1/asm-9.1.jar:/Users/vittoriapacchiano/.m2/repository/jakarta/xml/bind/jakarta.xml.bind-api/2.3.3/jakarta.xml.bind-api-2.3.3.jar:/Users/vittoriapacchiano/.m2/repository/jakarta/activation/jakarta.activation-api/1.2.2/jakarta.activation-api-1.2.2.jar:/Users/vittoriapacchiano/.m2/repository/org/assertj/assertj-core/3.19.0/assertj-core-3.19.0.jar:/Users/vittoriapacchiano/.m2/repository/org/hamcrest/hamcrest/2.2/hamcrest-2.2.jar:/Users/vittoriapacchiano/.m2/repository/org/junit/jupiter/junit-jupiter/5.7.2/junit-jupiter-5.7.2.jar:/Users/vittoriapacchiano/.m2/repository/org/junit/jupiter/junit-jupiter-api/5.7.2/junit-jupiter-api-5.7.2.jar:/Users/vittoriapacchiano/.m2/repository/org/apiguardian/apiguardian-api/1.1.0/apiguardian-api-1.1.0.jar:/Users/vittoriapacchiano/.m2/repository/org/opentest4j/opentest4j/1.2.0/opentest4j-1.2.0.jar:/Users/vittoriapacchiano/.m2/repository/org/junit/platform/junit-platform-commons/1.7.2/junit-platform-commons-1.7.2.jar:/Users/vittoriapacchiano/.m2/repository/org/junit/jupiter/junit-jupiter-params/5.7.2/junit-jupiter-params-5.7.2.jar:/Users/vittoriapacchiano/.m2/repository/org/junit/jupiter/junit-jupiter-engine/5.7.2/junit-jupiter-engine-5.7.2.jar:/Users/vittoriapacchiano/.m2/repository/org/junit/platform/junit-platform-engine/1.7.2/junit-platform-engine-1.7.2.jar:/Users/vittoriapacchiano/.m2/repository/org/mockito/mockito-core/3.9.0/mockito-core-3.9.0.jar:/Users/vittoriapacchiano/.m2/repository/net/bytebuddy/byte-buddy/1.10.22/byte-buddy-1.10.22.jar:/Users/vittoriapacchiano/.m2/repository/net/bytebuddy/byte-buddy-agent/1.10.22/byte-buddy-agent-1.10.22.jar:/Users/vittoriapacchiano/.m2/repository/org/objenesis/objenesis/3.2/objenesis-3.2.jar:/Users/vittoriapacchiano/.m2/repository/org/mockito/mockito-junit-jupiter/3.9.0/mockito-junit-jupiter-3.9.0.jar:/Users/vittoriapacchiano/.m2/repository/org/skyscreamer/jsonassert/1.5.0/jsonassert-1.5.0.jar:/Users/vittoriapacchiano/.m2/repository/com/vaadin/external/google/android-json/0.0.20131108.vaadin1/android-json-0.0.20131108.vaadin1.jar:/Users/vittoriapacchiano/.m2/repository/org/springframework/spring-core/5.3.8/spring-core-5.3.8.jar:/Users/vittoriapacchiano/.m2/repository/org/springframework/spring-jcl/5.3.8/spring-jcl-5.3.8.jar:/Users/vittoriapacchiano/.m2/repository/org/springframework/spring-test/5.3.8/spring-test-5.3.8.jar:/Users/vittoriapacchiano/.m2/repository/org/xmlunit/xmlunit-core/2.8.2/xmlunit-core-2.8.2.jar:/Users/vittoriapacchiano/.m2/repository/org/springframework/security/spring-security-test/5.5.0/spring-security-test-5.5.0.jar:/Users/vittoriapacchiano/.m2/repository/org/springframework/security/spring-security-core/5.5.0/spring-security-core-5.5.0.jar:/Users/vittoriapacchiano/.m2/repository/org/springframework/security/spring-security-crypto/5.5.0/spring-security-crypto-5.5.0.jar:/Users/vittoriapacchiano/.m2/repository/org/springframework/security/extensions/spring-security-saml-dsl/1.0.0.M3/spring-security-saml-dsl-1.0.0.M3.jar:/Users/vittoriapacchiano/.m2/repository/org/springframework/security/extensions/spring-security-saml2-core/1.0.1.RELEASE/spring-security-saml2-core-1.0.1.RELEASE.jar:/Users/vittoriapacchiano/.m2/repository/org/opensaml/opensaml/2.6.1/opensaml-2.6.1.jar:/Users/vittoriapacchiano/.m2/repository/org/opensaml/openws/1.5.1/openws-1.5.1.jar:/Users/vittoriapacchiano/.m2/repository/org/opensaml/xmltooling/1.4.1/xmltooling-1.4.1.jar:/Users/vittoriapacchiano/.m2/repository/org/bouncycastle/bcprov-jdk15/1.46/bcprov-jdk15-1.46.jar:/Users/vittoriapacchiano/.m2/repository/ca/juliusdavies/not-yet-commons-ssl/0.3.9/not-yet-commons-ssl-0.3.9.jar:/Users/vittoriapacchiano/.m2/repository/commons-httpclient/commons-httpclient/3.1/commons-httpclient-3.1.jar:/Users/vittoriapacchiano/.m2/repository/org/apache/santuario/xmlsec/1.5.6/xmlsec-1.5.6.jar:/Users/vittoriapacchiano/.m2/repository/commons-logging/commons-logging/1.1.1/commons-logging-1.1.1.jar:/Users/vittoriapacchiano/.m2/repository/commons-codec/commons-codec/1.15/commons-codec-1.15.jar:/Users/vittoriapacchiano/.m2/repository/commons-collections/commons-collections/3.2.1/commons-collections-3.2.1.jar:/Users/vittoriapacchiano/.m2/repository/commons-lang/commons-lang/2.6/commons-lang-2.6.jar:/Users/vittoriapacchiano/.m2/repository/org/apache/velocity/velocity/1.7/velocity-1.7.jar:/Users/vittoriapacchiano/.m2/repository/org/owasp/esapi/esapi/2.0.1/esapi-2.0.1.jar:/Users/vittoriapacchiano/.m2/repository/joda-time/joda-time/2.2/joda-time-2.2.jar:/Users/vittoriapacchiano/.m2/repository/xerces/xercesImpl/2.10.0/xercesImpl-2.10.0.jar:/Users/vittoriapacchiano/.m2/repository/xalan/serializer/2.7.1/serializer-2.7.1.jar:/Users/vittoriapacchiano/.m2/repository/xml-resolver/xml-resolver/1.2/xml-resolver-1.2.jar:/Users/vittoriapacchiano/.m2/repository/xalan/xalan/2.7.1/xalan-2.7.1.jar:/Users/vittoriapacchiano/.m2/repository/xml-apis/xml-apis/1.4.01/xml-apis-1.4.01.jar:/Users/vittoriapacchiano/.m2/repository/com/google/code/gson/gson/2.8.0/gson-2.8.0.jar:"/>
    <property name="sun.cpu.endian" value="little"/>
    <property name="user.home" value="/Users/vittoriapacchiano"/>
    <property name="user.language" value="it"/>
    <property name="java.specification.vendor" value="Oracle Corporation"/>
    <property name="java.version.date" value="2020-10-20"/>
    <property name="java.home" value="/Library/Java/JavaVirtualMachines/jdk-15.0.1.jdk/Contents/Home"/>
    <property name="file.separator" value="/"/>
    <property name="basedir" value="/Users/vittoriapacchiano/Desktop/UninAPP_Aule/auth-saml-service"/>
    <property name="java.vm.compressedOopsMode" value="Zero based"/>
    <property name="line.separator" value="&#10;"/>
    <property name="java.specification.name" value="Java Platform API Specification"/>
    <property name="java.vm.specification.vendor" value="Oracle Corporation"/>
    <property name="surefire.real.class.path" value="/Users/vittoriapacchiano/Desktop/UninAPP_Aule/auth-saml-service/target/surefire/surefirebooter2323562705782644644.jar"/>
    <property name="sun.management.compiler" value="HotSpot 64-Bit Tiered Compilers"/>
    <property name="ftp.nonProxyHosts" value="local|*.local|169.254/16|*.169.254/16"/>
    <property name="java.runtime.version" value="15.0.1+9-18"/>
    <property name="user.name" value="vittoriapacchiano"/>
    <property name="path.separator" value=":"/>
    <property name="os.version" value="10.16"/>
    <property name="java.runtime.name" value="Java(TM) SE Runtime Environment"/>
    <property name="file.encoding" value="UTF-8"/>
    <property name="java.vm.name" value="Java HotSpot(TM) 64-Bit Server VM"/>
    <property name="localRepository" value="/Users/vittoriapacchiano/.m2/repository"/>
    <property name="java.vendor.url.bug" value="https://bugreport.java.com/bugreport/"/>
    <property name="java.io.tmpdir" value="/var/folders/7j/t575ddk524972gvrxjtgwbsm0000gn/T/"/>
    <property name="java.version" value="15.0.1"/>
    <property name="user.dir" value="/Users/vittoriapacchiano/Desktop/UninAPP_Aule/auth-saml-service"/>
    <property name="os.arch" value="x86_64"/>
    <property name="java.vm.specification.name" value="Java Virtual Machine Specification"/>
    <property name="java.library.path" value="/Users/vittoriapacchiano/Library/Java/Extensions:/Library/Java/Extensions:/Network/Library/Java/Extensions:/System/Library/Java/Extensions:/usr/lib/java:."/>
    <property name="java.vm.info" value="mixed mode, sharing"/>
    <property name="java.vendor" value="Oracle Corporation"/>
    <property name="java.vm.version" value="15.0.1+9-18"/>
    <property name="sun.io.unicode.encoding" value="UnicodeBig"/>
    <property name="socksNonProxyHosts" value="local|*.local|169.254/16|*.169.254/16"/>
    <property name="java.class.version" value="59.0"/>
  </properties>
  <testcase name="contextLoads" classname="com.example.authsamlservice.AuthSamlApplicationTests" time="0.502"/>
</testsuite>